  stdafx.cpp
  scriptarray.cpp
  scriptfile.cpp
  scriptfilesystem.cpp
  scriptmath.cpp
  scriptmathcomplex.cpp
  scriptstdstring.cpp
  scriptstdstring_utils.cpp
  aatc.cpp
  aatc_common.cpp
  aatc_container_deque.cpp
  aatc_container_list.cpp
  aatc_container_map.cpp
  aatc_container_set.cpp
  aatc_container_shared.cpp
  aatc_container_unordered_map.cpp
  aatc_container_unordered_set.cpp
  aatc_container_vector.cpp
  aatc_enginestorage.cpp
  aatc_hash.cpp
  aatc_registration.cpp
  Compiling...
  aatc_serializer.cpp
  arc.cpp
  graph.cpp
graph.cpp(87): warning C4101: 'arc': unreferenced local variable
graph.cpp(212): warning C4101: 'c': unreferenced local variable
  GraphMaker 2.cpp
  graph_component.cpp
  node.cpp
node.cpp(175): warning C4244: 'argument': conversion from 'float' to '::size_t', possible loss of data
  script_console.cpp
  variable.cpp
  window_mode.cpp
window_mode.cpp(72): warning C4244: '=': conversion from 'int' to 'float', possible loss of data
window_mode.cpp(73): warning C4244: '=': conversion from 'int' to 'float', possible loss of data
window_mode.cpp(74): warning C4244: '=': conversion from 'int' to 'float', possible loss of data
window_mode.cpp(75): warning C4244: '=': conversion from 'int' to 'float', possible loss of data
window_mode.cpp(115): warning C4244: 'argument': conversion from 'int' to 'float', possible loss of data
window_mode.cpp(127): warning C4244: '+=': conversion from 'double' to 'float', possible loss of data
window_mode.cpp(131): warning C4305: '=': truncation from 'double' to 'float'
window_mode.cpp(152): warning C4244: 'argument': conversion from 'unsigned int' to 'float', possible loss of data
window_mode.cpp(152): warning C4244: 'argument': conversion from 'int' to 'float', possible loss of data
window_mode.cpp(155): warning C4244: 'argument': conversion from 'unsigned int' to 'float', possible loss of data
window_mode.cpp(163): warning C4244: 'argument': conversion from 'int' to 'float', possible loss of data
window_mode.cpp(163): warning C4244: 'argument': conversion from 'unsigned int' to 'float', possible loss of data
window_mode.cpp(166): warning C4244: 'argument': conversion from 'unsigned int' to 'float', possible loss of data
window_mode.cpp(299): warning C4244: '=': conversion from 'int' to 'float', possible loss of data
window_mode.cpp(300): warning C4244: '=': conversion from 'int' to 'float', possible loss of data
window_mode.cpp(383): warning C4244: '=': conversion from 'int' to 'float', possible loss of data
window_mode.cpp(384): warning C4244: '=': conversion from 'int' to 'float', possible loss of data
window_mode.cpp(419): warning C4244: '=': conversion from 'int' to 'float', possible loss of data
window_mode.cpp(420): warning C4244: '=': conversion from 'int' to 'float', possible loss of data
window_mode.cpp(448): warning C4244: '=': conversion from 'int' to 'float', possible loss of data
window_mode.cpp(449): warning C4244: '=': conversion from 'int' to 'float', possible loss of data
window_mode.cpp(469): warning C4244: '=': conversion from 'int' to 'float', possible loss of data
window_mode.cpp(470): warning C4244: '=': conversion from 'int' to 'float', possible loss of data
window_mode.cpp(513): warning C4244: '=': conversion from 'int' to 'float', possible loss of data
window_mode.cpp(514): warning C4244: '=': conversion from 'int' to 'float', possible loss of data
window_mode.cpp(516): warning C4244: 'initializing': conversion from 'float' to 'int', possible loss of data
window_mode.cpp(517): warning C4244: 'initializing': conversion from 'float' to 'int', possible loss of data
window_mode.cpp(550): warning C4244: '=': conversion from 'int' to 'float', possible loss of data
window_mode.cpp(551): warning C4244: '=': conversion from 'int' to 'float', possible loss of data
window_mode.cpp(571): warning C4244: '=': conversion from 'int' to 'float', possible loss of data
window_mode.cpp(572): warning C4244: '=': conversion from 'int' to 'float', possible loss of data
window_mode.cpp(626): warning C4244: '=': conversion from 'int' to 'float', possible loss of data
window_mode.cpp(627): warning C4244: '=': conversion from 'int' to 'float', possible loss of data
window_mode.cpp(737): warning C4244: 'argument': conversion from 'unsigned int' to 'float', possible loss of data
window_mode.cpp(738): warning C4244: 'argument': conversion from 'unsigned int' to 'float', possible loss of data
window_mode.cpp(781): warning C4305: 'argument': truncation from 'double' to 'float'
window_mode.cpp(787): warning C4305: 'argument': truncation from 'double' to 'float'
window_mode.cpp(817): warning C4244: 'initializing': conversion from 'float' to 'int', possible loss of data
window_mode.cpp(823): warning C4244: 'argument': conversion from 'int' to 'float', possible loss of data
window_mode.cpp(827): warning C4244: 'argument': conversion from 'int' to 'float', possible loss of data
window_mode.cpp(834): warning C4244: 'argument': conversion from 'int' to 'float', possible loss of data
window_mode.cpp(838): warning C4244: 'argument': conversion from 'double' to 'float', possible loss of data
     Creating library C:\Users\Sephirothbahamut\Documents\Programming\VS\Projects\SFML\GraphMaker 2\x64\Release\GraphMaker 2.lib and object C:\Users\Sephirothbahamut\Documents\Programming\VS\Projects\SFML\GraphMaker 2\x64\Release\GraphMaker 2.exp
  Generating code
c:\users\sephirothbahamut\documents\programming\vs\projects\sfml\graphmaker 2\graphmaker 2\script_console.cpp(204): warning C4715: 'script_console::run': not all control paths return a value
  Finished generating code
  GraphMaker 2.vcxproj -> C:\Users\Sephirothbahamut\Documents\Programming\VS\Projects\SFML\GraphMaker 2\x64\Release\GraphMaker 2.exe
