c:\users\sephirothbahamut\documents\programming\vs\projects\sfml\graphmaker 2\graphmaker 2\debug\graphmaker 2.pch
c:\users\sephirothbahamut\documents\programming\vs\projects\sfml\graphmaker 2\graphmaker 2\debug\vc141.pdb
c:\users\sephirothbahamut\documents\programming\vs\projects\sfml\graphmaker 2\graphmaker 2\debug\vc141.idb
c:\users\sephirothbahamut\documents\programming\vs\projects\sfml\graphmaker 2\graphmaker 2\debug\stdafx.obj
c:\users\sephirothbahamut\documents\programming\vs\projects\sfml\graphmaker 2\graphmaker 2\debug\arc.obj
c:\users\sephirothbahamut\documents\programming\vs\projects\sfml\graphmaker 2\graphmaker 2\debug\graph.obj
c:\users\sephirothbahamut\documents\programming\vs\projects\sfml\graphmaker 2\graphmaker 2\debug\graphmaker 2.obj
c:\users\sephirothbahamut\documents\programming\vs\projects\sfml\graphmaker 2\graphmaker 2\debug\node.obj
c:\users\sephirothbahamut\documents\programming\vs\projects\sfml\graphmaker 2\graphmaker 2\debug\script_console.obj
c:\users\sephirothbahamut\documents\programming\vs\projects\sfml\graphmaker 2\graphmaker 2\debug\variable.obj
c:\users\sephirothbahamut\documents\programming\vs\projects\sfml\graphmaker 2\graphmaker 2\debug\window_mode.obj
c:\users\sephirothbahamut\documents\programming\vs\projects\sfml\graphmaker 2\debug\graphmaker 2.pdb
c:\users\sephirothbahamut\documents\programming\vs\projects\sfml\graphmaker 2\graphmaker 2\debug\graphmaker 2.tlog\cl.command.1.tlog
c:\users\sephirothbahamut\documents\programming\vs\projects\sfml\graphmaker 2\graphmaker 2\debug\graphmaker 2.tlog\cl.read.1.tlog
c:\users\sephirothbahamut\documents\programming\vs\projects\sfml\graphmaker 2\graphmaker 2\debug\graphmaker 2.tlog\cl.write.1.tlog
c:\users\sephirothbahamut\documents\programming\vs\projects\sfml\graphmaker 2\graphmaker 2\debug\graphmaker 2.tlog\link-cvtres.read.1.tlog
c:\users\sephirothbahamut\documents\programming\vs\projects\sfml\graphmaker 2\graphmaker 2\debug\graphmaker 2.tlog\link-cvtres.write.1.tlog
c:\users\sephirothbahamut\documents\programming\vs\projects\sfml\graphmaker 2\graphmaker 2\debug\graphmaker 2.tlog\link-rc.read.1.tlog
c:\users\sephirothbahamut\documents\programming\vs\projects\sfml\graphmaker 2\graphmaker 2\debug\graphmaker 2.tlog\link-rc.write.1.tlog
c:\users\sephirothbahamut\documents\programming\vs\projects\sfml\graphmaker 2\graphmaker 2\debug\graphmaker 2.tlog\link.command.1.tlog
c:\users\sephirothbahamut\documents\programming\vs\projects\sfml\graphmaker 2\graphmaker 2\debug\graphmaker 2.tlog\link.read.1.tlog
c:\users\sephirothbahamut\documents\programming\vs\projects\sfml\graphmaker 2\graphmaker 2\debug\graphmaker 2.tlog\link.write.1.tlog
