c:\users\sephirothbahamut\documents\programming\vs\projects\sfml\graphmaker 2\graphmaker 2\release\graphmaker 2.pch
c:\users\sephirothbahamut\documents\programming\vs\projects\sfml\graphmaker 2\graphmaker 2\release\vc141.pdb
c:\users\sephirothbahamut\documents\programming\vs\projects\sfml\graphmaker 2\graphmaker 2\release\stdafx.obj
c:\users\sephirothbahamut\documents\programming\vs\projects\sfml\graphmaker 2\graphmaker 2\release\aatc_registration.obj
c:\users\sephirothbahamut\documents\programming\vs\projects\sfml\graphmaker 2\graphmaker 2\release\aatc_hash.obj
c:\users\sephirothbahamut\documents\programming\vs\projects\sfml\graphmaker 2\graphmaker 2\release\aatc_enginestorage.obj
c:\users\sephirothbahamut\documents\programming\vs\projects\sfml\graphmaker 2\graphmaker 2\release\aatc_container_vector.obj
c:\users\sephirothbahamut\documents\programming\vs\projects\sfml\graphmaker 2\graphmaker 2\release\aatc_container_unordered_set.obj
c:\users\sephirothbahamut\documents\programming\vs\projects\sfml\graphmaker 2\graphmaker 2\release\aatc_container_unordered_map.obj
c:\users\sephirothbahamut\documents\programming\vs\projects\sfml\graphmaker 2\graphmaker 2\release\aatc_container_shared.obj
c:\users\sephirothbahamut\documents\programming\vs\projects\sfml\graphmaker 2\graphmaker 2\release\aatc_container_set.obj
c:\users\sephirothbahamut\documents\programming\vs\projects\sfml\graphmaker 2\graphmaker 2\release\aatc_container_map.obj
c:\users\sephirothbahamut\documents\programming\vs\projects\sfml\graphmaker 2\graphmaker 2\release\aatc_container_list.obj
c:\users\sephirothbahamut\documents\programming\vs\projects\sfml\graphmaker 2\graphmaker 2\release\aatc_container_deque.obj
c:\users\sephirothbahamut\documents\programming\vs\projects\sfml\graphmaker 2\graphmaker 2\release\aatc_common.obj
c:\users\sephirothbahamut\documents\programming\vs\projects\sfml\graphmaker 2\graphmaker 2\release\aatc.obj
c:\users\sephirothbahamut\documents\programming\vs\projects\sfml\graphmaker 2\graphmaker 2\release\scriptstdstring_utils.obj
c:\users\sephirothbahamut\documents\programming\vs\projects\sfml\graphmaker 2\graphmaker 2\release\scriptstdstring.obj
c:\users\sephirothbahamut\documents\programming\vs\projects\sfml\graphmaker 2\graphmaker 2\release\scriptmathcomplex.obj
c:\users\sephirothbahamut\documents\programming\vs\projects\sfml\graphmaker 2\graphmaker 2\release\scriptmath.obj
c:\users\sephirothbahamut\documents\programming\vs\projects\sfml\graphmaker 2\graphmaker 2\release\scriptfilesystem.obj
c:\users\sephirothbahamut\documents\programming\vs\projects\sfml\graphmaker 2\graphmaker 2\release\scriptfile.obj
c:\users\sephirothbahamut\documents\programming\vs\projects\sfml\graphmaker 2\graphmaker 2\release\scriptarray.obj
c:\users\sephirothbahamut\documents\programming\vs\projects\sfml\graphmaker 2\graphmaker 2\release\window_mode.obj
c:\users\sephirothbahamut\documents\programming\vs\projects\sfml\graphmaker 2\graphmaker 2\release\variable.obj
c:\users\sephirothbahamut\documents\programming\vs\projects\sfml\graphmaker 2\graphmaker 2\release\script_console.obj
c:\users\sephirothbahamut\documents\programming\vs\projects\sfml\graphmaker 2\graphmaker 2\release\node.obj
c:\users\sephirothbahamut\documents\programming\vs\projects\sfml\graphmaker 2\graphmaker 2\release\graph_component.obj
c:\users\sephirothbahamut\documents\programming\vs\projects\sfml\graphmaker 2\graphmaker 2\release\graphmaker 2.obj
c:\users\sephirothbahamut\documents\programming\vs\projects\sfml\graphmaker 2\graphmaker 2\release\graph.obj
c:\users\sephirothbahamut\documents\programming\vs\projects\sfml\graphmaker 2\graphmaker 2\release\arc.obj
c:\users\sephirothbahamut\documents\programming\vs\projects\sfml\graphmaker 2\graphmaker 2\release\aatc_serializer.obj
c:\users\sephirothbahamut\documents\programming\vs\projects\sfml\graphmaker 2\release\graphmaker 2.lib
c:\users\sephirothbahamut\documents\programming\vs\projects\sfml\graphmaker 2\release\graphmaker 2.exp
c:\users\sephirothbahamut\documents\programming\vs\projects\sfml\graphmaker 2\release\graphmaker 2.exe
c:\users\sephirothbahamut\documents\programming\vs\projects\sfml\graphmaker 2\release\graphmaker 2.pdb
c:\users\sephirothbahamut\documents\programming\vs\projects\sfml\graphmaker 2\graphmaker 2\release\graphmaker 2.tlog\cl.command.1.tlog
c:\users\sephirothbahamut\documents\programming\vs\projects\sfml\graphmaker 2\graphmaker 2\release\graphmaker 2.tlog\cl.read.1.tlog
c:\users\sephirothbahamut\documents\programming\vs\projects\sfml\graphmaker 2\graphmaker 2\release\graphmaker 2.tlog\cl.write.1.tlog
c:\users\sephirothbahamut\documents\programming\vs\projects\sfml\graphmaker 2\graphmaker 2\release\graphmaker 2.tlog\graphmaker 2.write.1u.tlog
c:\users\sephirothbahamut\documents\programming\vs\projects\sfml\graphmaker 2\graphmaker 2\release\graphmaker 2.tlog\link.command.1.tlog
c:\users\sephirothbahamut\documents\programming\vs\projects\sfml\graphmaker 2\graphmaker 2\release\graphmaker 2.tlog\link.read.1.tlog
c:\users\sephirothbahamut\documents\programming\vs\projects\sfml\graphmaker 2\graphmaker 2\release\graphmaker 2.tlog\link.write.1.tlog
