  stdafx.cpp
  scriptarray.cpp
  scriptfile.cpp
  scriptfilesystem.cpp
  scriptmath.cpp
  scriptmathcomplex.cpp
  scriptstdstring.cpp
  scriptstdstring_utils.cpp
  aatc.cpp
  aatc_common.cpp
  aatc_container_deque.cpp
c:\users\sephirothbahamut\documents\programming\vs\projects\sfml\graphmaker 2\graphmaker 2\angelscript\stl_containers\aatc_container_templated_shared_method.hpp(217): warning C4018: '>=': signed/unsigned mismatch
  angelscript\stl_containers\aatc_container_deque.cpp(80): note: see reference to function template instantiation 'void *aatc::container::templated::shared::method::native::operator_index_position<aatc::container::templated::deque>(T_container *,aatc::config::t::sizetype)' being compiled
          with
          [
              T_container=aatc::container::templated::deque
          ]
c:\users\sephirothbahamut\documents\programming\vs\projects\sfml\graphmaker 2\graphmaker 2\angelscript\stl_containers\aatc_container_templated_shared_method.hpp(698): warning C4018: '>=': signed/unsigned mismatch
  angelscript\stl_containers\aatc_container_deque.cpp(85): note: see reference to function template instantiation 'void aatc::container::templated::shared::method::genericcc::erase_position_constant<aatc::container::templated::deque>(T_container *,aatc::config::t::sizetype)' being compiled
          with
          [
              T_container=aatc::container::templated::deque
          ]
c:\users\sephirothbahamut\documents\programming\vs\projects\sfml\graphmaker 2\graphmaker 2\angelscript\stl_containers\aatc_container_templated_shared_method.hpp(752): warning C4018: '>=': signed/unsigned mismatch
  angelscript\stl_containers\aatc_container_deque.cpp(87): note: see reference to function template instantiation 'aatc::config::t::sizetype aatc::container::templated::shared::method::genericcc::erase_position_range_constant<aatc::container::templated::deque>(T_container *,aatc::config::t::sizetype,aatc::config::t::sizetype)' being compiled
          with
          [
              T_container=aatc::container::templated::deque
          ]
c:\users\sephirothbahamut\documents\programming\vs\projects\sfml\graphmaker 2\graphmaker 2\angelscript\stl_containers\aatc_container_templated_shared_method.hpp(756): warning C4018: '>': signed/unsigned mismatch
c:\users\sephirothbahamut\documents\programming\vs\projects\sfml\graphmaker 2\graphmaker 2\angelscript\stl_containers\aatc_container_tempspec_shared_method.hpp(581): warning C4018: '>': signed/unsigned mismatch
  c:\users\sephirothbahamut\documents\programming\vs\projects\sfml\graphmaker 2\graphmaker 2\angelscript\stl_containers\aatc_container_tempspec_shared_method.hpp(823): note: see reference to function template instantiation 'void aatc::container::tempspec::shared::method::genericcc::insert_position_before_constant<T_container>(T_container *,aatc::config::t::sizetype,const std::basic_string<char,std::char_traits<char>,std::allocator<char>> &)' being compiled
          with
          [
              T_container=T_container
          ]
  c:\users\sephirothbahamut\documents\programming\vs\projects\sfml\graphmaker 2\graphmaker 2\angelscript\stl_containers\aatc_container_deque.hpp(172): note: see reference to function template instantiation 'void aatc::container::tempspec::shared::register_method::genericcc::insert_position_before_constant<T_container>(aatc::common::RegistrationState &)' being compiled
  c:\users\sephirothbahamut\documents\programming\vs\projects\sfml\graphmaker 2\graphmaker 2\angelscript\stl_containers\aatc_container_deque.hpp(157): note: while compiling class template member function 'void aatc::container::tempspec::deque<aatc::config::t::string>::Register(aatc::common::RegistrationState &,const char *)'
  c:\users\sephirothbahamut\documents\programming\vs\projects\sfml\graphmaker 2\graphmaker 2\angelscript\stl_containers\aatc_container_shared.hpp(357): note: see reference to function template instantiation 'void aatc::container::tempspec::deque<aatc::config::t::string>::Register(aatc::common::RegistrationState &,const char *)' being compiled
  c:\users\sephirothbahamut\documents\programming\vs\projects\sfml\graphmaker 2\graphmaker 2\angelscript\stl_containers\aatc_container_shared.hpp(357): note: see reference to class template instantiation 'aatc::container::tempspec::deque<aatc::config::t::string>' being compiled
  angelscript\stl_containers\aatc_container_deque.cpp(146): note: see reference to function template instantiation 'void aatc::container::shared::autoregister::register_all_tempspec_basics_for_container<aatc::container::tempspec::deque>(asIScriptEngine *)' being compiled
c:\users\sephirothbahamut\documents\programming\vs\projects\sfml\graphmaker 2\graphmaker 2\angelscript\stl_containers\aatc_container_tempspec_shared_method.hpp(370): warning C4018: '>=': signed/unsigned mismatch
  c:\users\sephirothbahamut\documents\programming\vs\projects\sfml\graphmaker 2\graphmaker 2\angelscript\stl_containers\aatc_container_tempspec_shared_method.hpp(786): note: see reference to function template instantiation 'void aatc::container::tempspec::shared::method::genericcc::erase_position_constant<T_container>(T_container *,aatc::config::t::sizetype)' being compiled
          with
          [
              T_container=T_container
          ]
  c:\users\sephirothbahamut\documents\programming\vs\projects\sfml\graphmaker 2\graphmaker 2\angelscript\stl_containers\aatc_container_deque.hpp(175): note: see reference to function template instantiation 'void aatc::container::tempspec::shared::register_method::genericcc::erase_position_constant<T_container>(aatc::common::RegistrationState &)' being compiled
c:\users\sephirothbahamut\documents\programming\vs\projects\sfml\graphmaker 2\graphmaker 2\angelscript\stl_containers\aatc_container_tempspec_shared_method.hpp(408): warning C4018: '>=': signed/unsigned mismatch
  c:\users\sephirothbahamut\documents\programming\vs\projects\sfml\graphmaker 2\graphmaker 2\angelscript\stl_containers\aatc_container_tempspec_shared_method.hpp(795): note: see reference to function template instantiation 'aatc::config::t::sizetype aatc::container::tempspec::shared::method::genericcc::erase_position_range_constant<T_container>(T_container *,aatc::config::t::sizetype,aatc::config::t::sizetype)' being compiled
          with
          [
              T_container=T_container
          ]
  c:\users\sephirothbahamut\documents\programming\vs\projects\sfml\graphmaker 2\graphmaker 2\angelscript\stl_containers\aatc_container_deque.hpp(178): note: see reference to function template instantiation 'void aatc::container::tempspec::shared::register_method::genericcc::erase_position_range_constant<T_container>(aatc::common::RegistrationState &)' being compiled
c:\users\sephirothbahamut\documents\programming\vs\projects\sfml\graphmaker 2\graphmaker 2\angelscript\stl_containers\aatc_container_tempspec_shared_method.hpp(412): warning C4018: '>=': signed/unsigned mismatch
c:\users\sephirothbahamut\documents\programming\vs\projects\sfml\graphmaker 2\graphmaker 2\angelscript\stl_containers\aatc_container_tempspec_shared_method.hpp(137): warning C4018: '>=': signed/unsigned mismatch
  c:\users\sephirothbahamut\documents\programming\vs\projects\sfml\graphmaker 2\graphmaker 2\angelscript\stl_containers\aatc_container_tempspec_shared_method.hpp(723): note: see reference to function template instantiation 'std::basic_string<char,std::char_traits<char>,std::allocator<char>> &aatc::container::tempspec::shared::method::native::operator_index_position<T_container>(T_container *,aatc::config::t::sizetype)' being compiled
          with
          [
              T_container=T_container
          ]
  c:\users\sephirothbahamut\documents\programming\vs\projects\sfml\graphmaker 2\graphmaker 2\angelscript\stl_containers\aatc_container_deque.hpp(182): note: see reference to function template instantiation 'void aatc::container::tempspec::shared::register_method::native::operator_index_position<T_container>(aatc::common::RegistrationState &)' being compiled
  aatc_container_list.cpp
c:\users\sephirothbahamut\documents\programming\vs\projects\sfml\graphmaker 2\graphmaker 2\angelscript\stl_containers\aatc_container_templated_shared_method.hpp(722): warning C4018: '>=': signed/unsigned mismatch
  angelscript\stl_containers\aatc_container_list.cpp(80): note: see reference to function template instantiation 'void aatc::container::templated::shared::method::genericcc::erase_position_linear<aatc::container::templated::list>(T_container *,aatc::config::t::sizetype)' being compiled
          with
          [
              T_container=aatc::container::templated::list
          ]
c:\users\sephirothbahamut\documents\programming\vs\projects\sfml\graphmaker 2\graphmaker 2\angelscript\stl_containers\aatc_container_templated_shared_method.hpp(797): warning C4018: '>=': signed/unsigned mismatch
  angelscript\stl_containers\aatc_container_list.cpp(82): note: see reference to function template instantiation 'aatc::config::t::sizetype aatc::container::templated::shared::method::genericcc::erase_position_range_linear<aatc::container::templated::list>(T_container *,aatc::config::t::sizetype,aatc::config::t::sizetype)' being compiled
          with
          [
              T_container=aatc::container::templated::list
          ]
c:\users\sephirothbahamut\documents\programming\vs\projects\sfml\graphmaker 2\graphmaker 2\angelscript\stl_containers\aatc_container_templated_shared_method.hpp(801): warning C4018: '>': signed/unsigned mismatch
c:\users\sephirothbahamut\documents\programming\vs\projects\sfml\graphmaker 2\graphmaker 2\angelscript\stl_containers\aatc_container_tempspec_shared_method.hpp(596): warning C4018: '>': signed/unsigned mismatch
  c:\users\sephirothbahamut\documents\programming\vs\projects\sfml\graphmaker 2\graphmaker 2\angelscript\stl_containers\aatc_container_tempspec_shared_method.hpp(827): note: see reference to function template instantiation 'void aatc::container::tempspec::shared::method::genericcc::insert_position_before_linear<T_container>(T_container *,aatc::config::t::sizetype,const std::basic_string<char,std::char_traits<char>,std::allocator<char>> &)' being compiled
          with
          [
              T_container=T_container
          ]
  c:\users\sephirothbahamut\documents\programming\vs\projects\sfml\graphmaker 2\graphmaker 2\angelscript\stl_containers\aatc_container_list.hpp(172): note: see reference to function template instantiation 'void aatc::container::tempspec::shared::register_method::genericcc::insert_position_before_linear<T_container>(aatc::common::RegistrationState &)' being compiled
  c:\users\sephirothbahamut\documents\programming\vs\projects\sfml\graphmaker 2\graphmaker 2\angelscript\stl_containers\aatc_container_list.hpp(153): note: while compiling class template member function 'void aatc::container::tempspec::list<aatc::config::t::string>::Register(aatc::common::RegistrationState &,const char *)'
  c:\users\sephirothbahamut\documents\programming\vs\projects\sfml\graphmaker 2\graphmaker 2\angelscript\stl_containers\aatc_container_shared.hpp(357): note: see reference to function template instantiation 'void aatc::container::tempspec::list<aatc::config::t::string>::Register(aatc::common::RegistrationState &,const char *)' being compiled
  c:\users\sephirothbahamut\documents\programming\vs\projects\sfml\graphmaker 2\graphmaker 2\angelscript\stl_containers\aatc_container_shared.hpp(357): note: see reference to class template instantiation 'aatc::container::tempspec::list<aatc::config::t::string>' being compiled
  angelscript\stl_containers\aatc_container_list.cpp(140): note: see reference to function template instantiation 'void aatc::container::shared::autoregister::register_all_tempspec_basics_for_container<aatc::container::tempspec::list>(asIScriptEngine *)' being compiled
c:\users\sephirothbahamut\documents\programming\vs\projects\sfml\graphmaker 2\graphmaker 2\angelscript\stl_containers\aatc_container_tempspec_shared_method.hpp(385): warning C4018: '>=': signed/unsigned mismatch
  c:\users\sephirothbahamut\documents\programming\vs\projects\sfml\graphmaker 2\graphmaker 2\angelscript\stl_containers\aatc_container_tempspec_shared_method.hpp(790): note: see reference to function template instantiation 'void aatc::container::tempspec::shared::method::genericcc::erase_position_linear<T_container>(T_container *,aatc::config::t::sizetype)' being compiled
          with
          [
              T_container=T_container
          ]
  c:\users\sephirothbahamut\documents\programming\vs\projects\sfml\graphmaker 2\graphmaker 2\angelscript\stl_containers\aatc_container_list.hpp(175): note: see reference to function template instantiation 'void aatc::container::tempspec::shared::register_method::genericcc::erase_position_linear<T_container>(aatc::common::RegistrationState &)' being compiled
c:\users\sephirothbahamut\documents\programming\vs\projects\sfml\graphmaker 2\graphmaker 2\angelscript\stl_containers\aatc_container_tempspec_shared_method.hpp(436): warning C4018: '>=': signed/unsigned mismatch
  c:\users\sephirothbahamut\documents\programming\vs\projects\sfml\graphmaker 2\graphmaker 2\angelscript\stl_containers\aatc_container_tempspec_shared_method.hpp(799): note: see reference to function template instantiation 'aatc::config::t::sizetype aatc::container::tempspec::shared::method::genericcc::erase_position_range_linear<T_container>(T_container *,aatc::config::t::sizetype,aatc::config::t::sizetype)' being compiled
          with
          [
              T_container=T_container
          ]
  c:\users\sephirothbahamut\documents\programming\vs\projects\sfml\graphmaker 2\graphmaker 2\angelscript\stl_containers\aatc_container_list.hpp(178): note: see reference to function template instantiation 'void aatc::container::tempspec::shared::register_method::genericcc::erase_position_range_linear<T_container>(aatc::common::RegistrationState &)' being compiled
c:\users\sephirothbahamut\documents\programming\vs\projects\sfml\graphmaker 2\graphmaker 2\angelscript\stl_containers\aatc_container_tempspec_shared_method.hpp(440): warning C4018: '>=': signed/unsigned mismatch
  aatc_container_map.cpp
  aatc_container_set.cpp
  aatc_container_shared.cpp
angelscript\stl_containers\aatc_container_shared.cpp(174): warning C4244: '=': conversion from 'asQWORD' to 'aatc::config::t::hash', possible loss of data
angelscript\stl_containers\aatc_container_shared.cpp(330): warning C4244: '=': conversion from 'asQWORD' to 'aatc::config::t::hash', possible loss of data
  aatc_container_unordered_map.cpp
  aatc_container_unordered_set.cpp
  aatc_container_vector.cpp
c:\users\sephirothbahamut\documents\programming\vs\projects\sfml\graphmaker 2\graphmaker 2\angelscript\stl_containers\aatc_container_templated_shared_method.hpp(231): warning C4018: '>': signed/unsigned mismatch
  angelscript\stl_containers\aatc_container_vector.cpp(72): note: see reference to function template instantiation 'void aatc::container::templated::shared::method::native::reserve<aatc::container::templated::vector>(T_container *,aatc::config::t::sizetype)' being compiled
          with
          [
              T_container=aatc::container::templated::vector
          ]
c:\users\sephirothbahamut\documents\programming\vs\projects\sfml\graphmaker 2\graphmaker 2\angelscript\stl_containers\aatc_container_templated_shared_method.hpp(217): warning C4018: '>=': signed/unsigned mismatch
  angelscript\stl_containers\aatc_container_vector.cpp(79): note: see reference to function template instantiation 'void *aatc::container::templated::shared::method::native::operator_index_position<aatc::container::templated::vector>(T_container *,aatc::config::t::sizetype)' being compiled
          with
          [
              T_container=aatc::container::templated::vector
          ]
c:\users\sephirothbahamut\documents\programming\vs\projects\sfml\graphmaker 2\graphmaker 2\angelscript\stl_containers\aatc_container_templated_shared_method.hpp(698): warning C4018: '>=': signed/unsigned mismatch
  angelscript\stl_containers\aatc_container_vector.cpp(84): note: see reference to function template instantiation 'void aatc::container::templated::shared::method::genericcc::erase_position_constant<aatc::container::templated::vector>(T_container *,aatc::config::t::sizetype)' being compiled
          with
          [
              T_container=aatc::container::templated::vector
          ]
c:\users\sephirothbahamut\documents\programming\vs\projects\sfml\graphmaker 2\graphmaker 2\angelscript\stl_containers\aatc_container_templated_shared_method.hpp(752): warning C4018: '>=': signed/unsigned mismatch
  angelscript\stl_containers\aatc_container_vector.cpp(86): note: see reference to function template instantiation 'aatc::config::t::sizetype aatc::container::templated::shared::method::genericcc::erase_position_range_constant<aatc::container::templated::vector>(T_container *,aatc::config::t::sizetype,aatc::config::t::sizetype)' being compiled
          with
          [
              T_container=aatc::container::templated::vector
          ]
c:\users\sephirothbahamut\documents\programming\vs\projects\sfml\graphmaker 2\graphmaker 2\angelscript\stl_containers\aatc_container_templated_shared_method.hpp(756): warning C4018: '>': signed/unsigned mismatch
c:\users\sephirothbahamut\documents\programming\vs\projects\sfml\graphmaker 2\graphmaker 2\angelscript\stl_containers\aatc_container_tempspec_shared_method.hpp(581): warning C4018: '>': signed/unsigned mismatch
  c:\users\sephirothbahamut\documents\programming\vs\projects\sfml\graphmaker 2\graphmaker 2\angelscript\stl_containers\aatc_container_tempspec_shared_method.hpp(823): note: see reference to function template instantiation 'void aatc::container::tempspec::shared::method::genericcc::insert_position_before_constant<T_container>(T_container *,aatc::config::t::sizetype,const std::basic_string<char,std::char_traits<char>,std::allocator<char>> &)' being compiled
          with
          [
              T_container=T_container
          ]
  c:\users\sephirothbahamut\documents\programming\vs\projects\sfml\graphmaker 2\graphmaker 2\angelscript\stl_containers\aatc_container_vector.hpp(173): note: see reference to function template instantiation 'void aatc::container::tempspec::shared::register_method::genericcc::insert_position_before_constant<T_container>(aatc::common::RegistrationState &)' being compiled
  c:\users\sephirothbahamut\documents\programming\vs\projects\sfml\graphmaker 2\graphmaker 2\angelscript\stl_containers\aatc_container_vector.hpp(155): note: while compiling class template member function 'void aatc::container::tempspec::vector<aatc::config::t::string>::Register(aatc::common::RegistrationState &,const char *)'
  c:\users\sephirothbahamut\documents\programming\vs\projects\sfml\graphmaker 2\graphmaker 2\angelscript\stl_containers\aatc_container_shared.hpp(357): note: see reference to function template instantiation 'void aatc::container::tempspec::vector<aatc::config::t::string>::Register(aatc::common::RegistrationState &,const char *)' being compiled
  c:\users\sephirothbahamut\documents\programming\vs\projects\sfml\graphmaker 2\graphmaker 2\angelscript\stl_containers\aatc_container_shared.hpp(357): note: see reference to class template instantiation 'aatc::container::tempspec::vector<aatc::config::t::string>' being compiled
  angelscript\stl_containers\aatc_container_vector.cpp(145): note: see reference to function template instantiation 'void aatc::container::shared::autoregister::register_all_tempspec_basics_for_container<aatc::container::tempspec::vector>(asIScriptEngine *)' being compiled
c:\users\sephirothbahamut\documents\programming\vs\projects\sfml\graphmaker 2\graphmaker 2\angelscript\stl_containers\aatc_container_tempspec_shared_method.hpp(370): warning C4018: '>=': signed/unsigned mismatch
  c:\users\sephirothbahamut\documents\programming\vs\projects\sfml\graphmaker 2\graphmaker 2\angelscript\stl_containers\aatc_container_tempspec_shared_method.hpp(786): note: see reference to function template instantiation 'void aatc::container::tempspec::shared::method::genericcc::erase_position_constant<T_container>(T_container *,aatc::config::t::sizetype)' being compiled
          with
          [
              T_container=T_container
          ]
  c:\users\sephirothbahamut\documents\programming\vs\projects\sfml\graphmaker 2\graphmaker 2\angelscript\stl_containers\aatc_container_vector.hpp(176): note: see reference to function template instantiation 'void aatc::container::tempspec::shared::register_method::genericcc::erase_position_constant<T_container>(aatc::common::RegistrationState &)' being compiled
c:\users\sephirothbahamut\documents\programming\vs\projects\sfml\graphmaker 2\graphmaker 2\angelscript\stl_containers\aatc_container_tempspec_shared_method.hpp(408): warning C4018: '>=': signed/unsigned mismatch
  c:\users\sephirothbahamut\documents\programming\vs\projects\sfml\graphmaker 2\graphmaker 2\angelscript\stl_containers\aatc_container_tempspec_shared_method.hpp(795): note: see reference to function template instantiation 'aatc::config::t::sizetype aatc::container::tempspec::shared::method::genericcc::erase_position_range_constant<T_container>(T_container *,aatc::config::t::sizetype,aatc::config::t::sizetype)' being compiled
          with
          [
              T_container=T_container
          ]
  c:\users\sephirothbahamut\documents\programming\vs\projects\sfml\graphmaker 2\graphmaker 2\angelscript\stl_containers\aatc_container_vector.hpp(179): note: see reference to function template instantiation 'void aatc::container::tempspec::shared::register_method::genericcc::erase_position_range_constant<T_container>(aatc::common::RegistrationState &)' being compiled
c:\users\sephirothbahamut\documents\programming\vs\projects\sfml\graphmaker 2\graphmaker 2\angelscript\stl_containers\aatc_container_tempspec_shared_method.hpp(412): warning C4018: '>=': signed/unsigned mismatch
c:\users\sephirothbahamut\documents\programming\vs\projects\sfml\graphmaker 2\graphmaker 2\angelscript\stl_containers\aatc_container_tempspec_shared_method.hpp(137): warning C4018: '>=': signed/unsigned mismatch
  c:\users\sephirothbahamut\documents\programming\vs\projects\sfml\graphmaker 2\graphmaker 2\angelscript\stl_containers\aatc_container_tempspec_shared_method.hpp(723): note: see reference to function template instantiation 'std::basic_string<char,std::char_traits<char>,std::allocator<char>> &aatc::container::tempspec::shared::method::native::operator_index_position<T_container>(T_container *,aatc::config::t::sizetype)' being compiled
          with
          [
              T_container=T_container
          ]
  c:\users\sephirothbahamut\documents\programming\vs\projects\sfml\graphmaker 2\graphmaker 2\angelscript\stl_containers\aatc_container_vector.hpp(183): note: see reference to function template instantiation 'void aatc::container::tempspec::shared::register_method::native::operator_index_position<T_container>(aatc::common::RegistrationState &)' being compiled
  aatc_enginestorage.cpp
  aatc_hash.cpp
angelscript\stl_containers\aatc_hash.cpp(46): warning C4244: 'return': conversion from 'aatc::config::t::uint64' to 'aatc::config::t::hash', possible loss of data
angelscript\stl_containers\aatc_hash.cpp(51): warning C4244: 'return': conversion from 'aatc::config::t::uint64' to 'aatc::config::t::hash', possible loss of data
angelscript\stl_containers\aatc_hash.cpp(60): warning C4018: '<': signed/unsigned mismatch
  aatc_registration.cpp
  Compiling...
  aatc_serializer.cpp
  arc.cpp
  graph.cpp
graph.cpp(87): warning C4101: 'arc': unreferenced local variable
graph.cpp(202): warning C4101: 'c': unreferenced local variable
  GraphMaker 2.cpp
  graph_component.cpp
  node.cpp
node.cpp(176): warning C4244: 'argument': conversion from 'float' to '::size_t', possible loss of data
  script_console.cpp
  variable.cpp
  window_mode.cpp
window_mode.cpp(72): warning C4244: '=': conversion from 'int' to 'float', possible loss of data
window_mode.cpp(73): warning C4244: '=': conversion from 'int' to 'float', possible loss of data
window_mode.cpp(74): warning C4244: '=': conversion from 'int' to 'float', possible loss of data
window_mode.cpp(75): warning C4244: '=': conversion from 'int' to 'float', possible loss of data
window_mode.cpp(115): warning C4244: 'argument': conversion from 'int' to 'float', possible loss of data
window_mode.cpp(127): warning C4244: '+=': conversion from 'double' to 'float', possible loss of data
window_mode.cpp(131): warning C4305: '=': truncation from 'double' to 'float'
window_mode.cpp(193): warning C4244: 'argument': conversion from 'unsigned int' to 'float', possible loss of data
window_mode.cpp(193): warning C4244: 'argument': conversion from 'int' to 'float', possible loss of data
window_mode.cpp(196): warning C4244: 'argument': conversion from 'unsigned int' to 'float', possible loss of data
window_mode.cpp(204): warning C4244: 'argument': conversion from 'int' to 'float', possible loss of data
window_mode.cpp(204): warning C4244: 'argument': conversion from 'unsigned int' to 'float', possible loss of data
window_mode.cpp(207): warning C4244: 'argument': conversion from 'unsigned int' to 'float', possible loss of data
window_mode.cpp(340): warning C4244: '=': conversion from 'int' to 'float', possible loss of data
window_mode.cpp(341): warning C4244: '=': conversion from 'int' to 'float', possible loss of data
window_mode.cpp(424): warning C4244: '=': conversion from 'int' to 'float', possible loss of data
window_mode.cpp(425): warning C4244: '=': conversion from 'int' to 'float', possible loss of data
window_mode.cpp(460): warning C4244: '=': conversion from 'int' to 'float', possible loss of data
window_mode.cpp(461): warning C4244: '=': conversion from 'int' to 'float', possible loss of data
window_mode.cpp(489): warning C4244: '=': conversion from 'int' to 'float', possible loss of data
window_mode.cpp(490): warning C4244: '=': conversion from 'int' to 'float', possible loss of data
window_mode.cpp(510): warning C4244: '=': conversion from 'int' to 'float', possible loss of data
window_mode.cpp(511): warning C4244: '=': conversion from 'int' to 'float', possible loss of data
window_mode.cpp(554): warning C4244: '=': conversion from 'int' to 'float', possible loss of data
window_mode.cpp(555): warning C4244: '=': conversion from 'int' to 'float', possible loss of data
window_mode.cpp(557): warning C4244: 'initializing': conversion from 'float' to 'int', possible loss of data
window_mode.cpp(558): warning C4244: 'initializing': conversion from 'float' to 'int', possible loss of data
window_mode.cpp(591): warning C4244: '=': conversion from 'int' to 'float', possible loss of data
window_mode.cpp(592): warning C4244: '=': conversion from 'int' to 'float', possible loss of data
window_mode.cpp(612): warning C4244: '=': conversion from 'int' to 'float', possible loss of data
window_mode.cpp(613): warning C4244: '=': conversion from 'int' to 'float', possible loss of data
window_mode.cpp(667): warning C4244: '=': conversion from 'int' to 'float', possible loss of data
window_mode.cpp(668): warning C4244: '=': conversion from 'int' to 'float', possible loss of data
window_mode.cpp(778): warning C4244: 'argument': conversion from 'unsigned int' to 'float', possible loss of data
window_mode.cpp(780): warning C4244: 'argument': conversion from 'unsigned int' to 'float', possible loss of data
window_mode.cpp(823): warning C4305: 'argument': truncation from 'double' to 'float'
window_mode.cpp(829): warning C4305: 'argument': truncation from 'double' to 'float'
window_mode.cpp(859): warning C4244: 'initializing': conversion from 'float' to 'int', possible loss of data
window_mode.cpp(865): warning C4244: 'argument': conversion from 'int' to 'float', possible loss of data
window_mode.cpp(869): warning C4244: 'argument': conversion from 'int' to 'float', possible loss of data
window_mode.cpp(876): warning C4244: 'argument': conversion from 'int' to 'float', possible loss of data
window_mode.cpp(880): warning C4244: 'argument': conversion from 'double' to 'float', possible loss of data
     Creating library C:\Users\Sephirothbahamut\Documents\Programming\VS\Projects\SFML\GraphMaker 2\Release\GraphMaker 2.lib and object C:\Users\Sephirothbahamut\Documents\Programming\VS\Projects\SFML\GraphMaker 2\Release\GraphMaker 2.exp
  Generating code
c:\users\sephirothbahamut\documents\programming\vs\projects\sfml\graphmaker 2\graphmaker 2\script_console.cpp(206): warning C4715: 'script_console::run': not all control paths return a value
  Finished generating code
  GraphMaker 2.vcxproj -> C:\Users\Sephirothbahamut\Documents\Programming\VS\Projects\SFML\GraphMaker 2\Release\GraphMaker 2.exe
